<?xml version="1.0" encoding="UTF-8"?>
<!-- Generated by org.testng.reporters.JUnitReportReporter -->
<testsuite skipped="0" hostname="DESKTOP-MHRHBD4" name="com.wordpress.tests.TestSeleniumChrome" tests="1" failures="0" timestamp="2020-10-27T22:20:19 EDT" time="14.343" errors="0">
  <testcase name="testchrome" time="14.343" classname="com.wordpress.tests.TestSeleniumChrome"/>
  <system-out/>
</testsuite> <!-- com.wordpress.tests.TestSeleniumChrome -->
