<?xml version="1.0" encoding="UTF-8"?>
<!-- Generated by org.testng.reporters.JUnitReportReporter -->
<testsuite skipped="0" hostname="DESKTOP-MHRHBD4" name="com.wordpress.tests.WordpressValidLogin" tests="1" failures="0" timestamp="2020-10-27T22:20:19 EDT" time="10.819" errors="0">
  <testcase name="checkValidLogin" time="10.819" classname="com.wordpress.tests.WordpressValidLogin"/>
  <system-out>
Success login  </system-out>
</testsuite> <!-- com.wordpress.tests.WordpressValidLogin -->
